Using pre-set license
Built from '2021.3/staging' branch; Version is '2021.3.20f1 (577897200b8b) revision 5732503'; Using compiler version '192829333'; Build Type 'Release'
OS: 'Windows 11  (10.0.22621) 64bit Professional' Language: 'en' Physical Memory: 16263 MB
BatchMode: 1, IsHumanControllingUs: 0, StartBugReporterOnCrash: 0, Is64bit: 1, IsPro: 1

COMMAND LINE ARGUMENTS:
D:\2021.3.20f1\Editor\Unity.exe
-adb2
-batchMode
-noUpm
-name
AssetImportWorker1
-projectPath
D:/Faculty_Stuff/Spring_2023/AI/Othello-Ai
-logFile
Logs/AssetImportWorker1.log
-srvPort
64015
Successfully changed project path to: D:/Faculty_Stuff/Spring_2023/AI/Othello-Ai
D:/Faculty_Stuff/Spring_2023/AI/Othello-Ai
[UnityMemory] Configuration Parameters - Can be set up in boot.config
    "memorysetup-bucket-allocator-granularity=16"
    "memorysetup-bucket-allocator-bucket-count=8"
    "memorysetup-bucket-allocator-block-size=33554432"
    "memorysetup-bucket-allocator-block-count=8"
    "memorysetup-main-allocator-block-size=16777216"
    "memorysetup-thread-allocator-block-size=16777216"
    "memorysetup-gfx-main-allocator-block-size=16777216"
    "memorysetup-gfx-thread-allocator-block-size=16777216"
    "memorysetup-cache-allocator-block-size=4194304"
    "memorysetup-typetree-allocator-block-size=2097152"
    "memorysetup-profiler-bucket-allocator-granularity=16"
    "memorysetup-profiler-bucket-allocator-bucket-count=8"
    "memorysetup-profiler-bucket-allocator-block-size=33554432"
    "memorysetup-profiler-bucket-allocator-block-count=8"
    "memorysetup-profiler-allocator-block-size=16777216"
    "memorysetup-profiler-editor-allocator-block-size=1048576"
    "memorysetup-temp-allocator-size-main=16777216"
    "memorysetup-job-temp-allocator-block-size=2097152"
    "memorysetup-job-temp-allocator-block-size-background=1048576"
    "memorysetup-job-temp-allocator-reduction-small-platforms=262144"
    "memorysetup-temp-allocator-size-background-worker=32768"
    "memorysetup-temp-allocator-size-job-worker=262144"
    "memorysetup-temp-allocator-size-preload-manager=33554432"
    "memorysetup-temp-allocator-size-nav-mesh-worker=65536"
    "memorysetup-temp-allocator-size-audio-worker=65536"
    "memorysetup-temp-allocator-size-cloud-worker=32768"
    "memorysetup-temp-allocator-size-gi-baking-worker=262144"
    "memorysetup-temp-allocator-size-gfx=262144"
Player connection [11944] Host "[IP] 192.168.1.28 [Port] 0 [Flags] 2 [Guid] 449447148 [EditorId] 449447148 [Version] 1048832 [Id] WindowsEditor(7,David-Wagih) [Debug] 1 [PackageName] WindowsEditor [ProjectName] Editor" joined multi-casting on [225.0.0.222:54997]...

Player connection [11944] Host "[IP] 192.168.1.28 [Port] 0 [Flags] 2 [Guid] 449447148 [EditorId] 449447148 [Version] 1048832 [Id] WindowsEditor(7,David-Wagih) [Debug] 1 [PackageName] WindowsEditor [ProjectName] Editor" joined alternative multi-casting on [225.0.0.222:34997]...

Refreshing native plugins compatible for Editor in 124.43 ms, found 3 plugins.
Preloading 0 native plugins for Editor in 0.00 ms.
Initialize engine version: 2021.3.20f1 (577897200b8b)
[Subsystems] Discovering subsystems at path D:/2021.3.20f1/Editor/Data/Resources/UnitySubsystems
[Subsystems] Discovering subsystems at path D:/Faculty_Stuff/Spring_2023/AI/Othello-Ai/Assets
GfxDevice: creating device client; threaded=0; jobified=0
Direct3D:
    Version:  Direct3D 11.0 [level 11.1]
    Renderer: NVIDIA GeForce GTX 1650 (ID=0x1f91)
    Vendor:   NVIDIA
    VRAM:     3949 MB
    Driver:   31.0.15.3179
Initialize mono
Mono path[0] = 'D:/2021.3.20f1/Editor/Data/Managed'
Mono path[1] = 'D:/2021.3.20f1/Editor/Data/MonoBleedingEdge/lib/mono/unityjit-win32'
Mono config path = 'D:/2021.3.20f1/Editor/Data/MonoBleedingEdge/etc'
Using monoOptions --debugger-agent=transport=dt_socket,embedding=1,server=y,suspend=n,address=127.0.0.1:56224
Begin MonoManager ReloadAssembly
Registering precompiled unity dll's ...
Register platform support module: D:/2021.3.20f1/Editor/Data/PlaybackEngines/WindowsStandaloneSupport/UnityEditor.WindowsStandalone.Extensions.dll
Registered in 0.002603 seconds.
Native extension for WindowsStandalone target not found
Refreshing native plugins compatible for Editor in 120.86 ms, found 3 plugins.
Preloading 0 native plugins for Editor in 0.00 ms.
Mono: successfully reloaded assembly
- Completed reload, in  1.028 seconds
Domain Reload Profiling:
	ReloadAssembly (1029ms)
		BeginReloadAssembly (128ms)
			ExecutionOrderSort (0ms)
			DisableScriptedObjects (0ms)
			BackupInstance (0ms)
			ReleaseScriptingObjects (0ms)
			CreateAndSetChildDomain (1ms)
		EndReloadAssembly (751ms)
			LoadAssemblies (126ms)
			RebuildTransferFunctionScriptingTraits (0ms)
			SetupTypeCache (170ms)
			ReleaseScriptCaches (0ms)
			RebuildScriptCaches (48ms)
			SetupLoadedEditorAssemblies (458ms)
				LogAssemblyErrors (0ms)
				InitializePlatformSupportModulesInManaged (10ms)
				SetLoadedEditorAssemblies (0ms)
				RefreshPlugins (121ms)
				BeforeProcessingInitializeOnLoad (2ms)
				ProcessInitializeOnLoadAttributes (246ms)
				ProcessInitializeOnLoadMethodAttributes (78ms)
				AfterProcessingInitializeOnLoad (0ms)
				EditorAssembliesLoaded (0ms)
			ExecutionOrderSort2 (0ms)
			AwakeInstancesAfterBackupRestoration (0ms)
Platform modules already initialized, skipping
Registering precompiled user dll's ...
Registered in 0.006483 seconds.
Begin MonoManager ReloadAssembly
Symbol file LoadedFromMemory doesn't match image D:\Faculty_Stuff\Spring_2023\AI\Othello-Ai\Library\PackageCache\com.unity.visualscripting@1.8.0\Editor\VisualScripting.Core\Dependencies\YamlDotNet\Unity.VisualScripting.YamlDotNet.dll
Symbol file LoadedFromMemory doesn't match image D:\Faculty_Stuff\Spring_2023\AI\Othello-Ai\Library\PackageCache\com.unity.visualscripting@1.8.0\Editor\VisualScripting.Core\Dependencies\DotNetZip\Unity.VisualScripting.IonicZip.dll
Native extension for WindowsStandalone target not found
Refreshing native plugins compatible for Editor in 1.30 ms, found 3 plugins.
Preloading 0 native plugins for Editor in 0.00 ms.
Mono: successfully reloaded assembly
- Completed reload, in  7.322 seconds
Domain Reload Profiling:
	ReloadAssembly (7324ms)
		BeginReloadAssembly (179ms)
			ExecutionOrderSort (0ms)
			DisableScriptedObjects (9ms)
			BackupInstance (0ms)
			ReleaseScriptingObjects (0ms)
			CreateAndSetChildDomain (29ms)
		EndReloadAssembly (6982ms)
			LoadAssemblies (4764ms)
			RebuildTransferFunctionScriptingTraits (0ms)
			SetupTypeCache (1466ms)
			ReleaseScriptCaches (1ms)
			RebuildScriptCaches (80ms)
			SetupLoadedEditorAssemblies (614ms)
				LogAssemblyErrors (0ms)
				InitializePlatformSupportModulesInManaged (7ms)
				SetLoadedEditorAssemblies (1ms)
				RefreshPlugins (1ms)
				BeforeProcessingInitializeOnLoad (131ms)
				ProcessInitializeOnLoadAttributes (435ms)
				ProcessInitializeOnLoadMethodAttributes (34ms)
				AfterProcessingInitializeOnLoad (4ms)
				EditorAssembliesLoaded (0ms)
			ExecutionOrderSort2 (0ms)
			AwakeInstancesAfterBackupRestoration (11ms)
Platform modules already initialized, skipping
========================================================================
Worker process is ready to serve import requests
Launched and connected shader compiler UnityShaderCompiler.exe after 0.19 seconds
Refreshing native plugins compatible for Editor in 1.11 ms, found 3 plugins.
Preloading 0 native plugins for Editor in 0.00 ms.
Unloading 3108 Unused Serialized files (Serialized files now loaded: 0)
Unloading 24 unused Assets / (113.8 KB). Loaded Objects now: 3571.
Memory consumption went from 112.1 MB to 112.0 MB.
Total: 8.682400 ms (FindLiveObjects: 0.899700 ms CreateObjectMapping: 1.822400 ms MarkObjects: 5.765600 ms  DeleteObjects: 0.192800 ms)

AssetImportParameters requested are different than current active one (requested -> active):
  custom:video-decoder-ogg-theora: a1e56fd34408186e4bbccfd4996cb3dc -> 
  custom:container-muxer-webm: aa71ff27fc2769a1b78a27578f13a17b -> 
  custom:container-demuxer-webm: 4f35f7cbe854078d1ac9338744f61a02 -> 
  custom:video-encoder-webm-vp8: eb34c28f22e8b96e1ab97ce403110664 -> 
  custom:audio-encoder-webm-vorbis: bf7c407c2cedff20999df2af8eb42d56 -> 
  custom:framework-win-MediaFoundation: 216162199b28c13a410421893ffa2e32 -> 
  custom:container-demuxer-ogg: 62fdf1f143b41e24485cea50d1cbac27 -> 
  custom:video-decoder-webm-vp8: 9c59270c3fd7afecdb556c50c9e8de78 -> 
  custom:audio-decoder-ogg-vorbis: bf7c407c2cedff20999df2af8eb42d56 -> 
========================================================================
Received Import Request.
  Time since last request: 119213.466236 seconds.
  path: Assets/1.png
  artifactKey: Guid(2b5890b08efc6aa4685819f9061f5aa1) Importer(815301076,1909f56bfc062723c751e8b465ee728b)
Start importing Assets/1.png using Guid(2b5890b08efc6aa4685819f9061f5aa1) Importer(815301076,1909f56bfc062723c751e8b465ee728b)  -> (artifact id: '4c70719f96468f7850603c3a480969a5') in 0.736506 seconds 
========================================================================
Received Import Request.
  Time since last request: 0.000027 seconds.
  path: Assets/Scenes
  artifactKey: Guid(6ea315d0fd7389c41b19996891e99ae3) Importer(815301076,1909f56bfc062723c751e8b465ee728b)
Start importing Assets/Scenes using Guid(6ea315d0fd7389c41b19996891e99ae3) Importer(815301076,1909f56bfc062723c751e8b465ee728b)  -> (artifact id: 'bc172811d573b296104adb4d2728db37') in 0.008806 seconds 
========================================================================
Received Import Request.
  Time since last request: 0.000036 seconds.
  path: Assets/WoodTexture.png
  artifactKey: Guid(48739af9a61da1540993c0cf1001a154) Importer(815301076,1909f56bfc062723c751e8b465ee728b)
Start importing Assets/WoodTexture.png using Guid(48739af9a61da1540993c0cf1001a154) Importer(815301076,1909f56bfc062723c751e8b465ee728b)  -> (artifact id: '5cd1b757da8c06f283a9860e16351dc4') in 0.025618 seconds 
========================================================================
Received Import Request.
  Time since last request: 0.000030 seconds.
  path: Assets/BoardModel.fbx
  artifactKey: Guid(418c37151296f7d41bf7eb084408f647) Importer(815301076,1909f56bfc062723c751e8b465ee728b)
Start importing Assets/BoardModel.fbx using Guid(418c37151296f7d41bf7eb084408f647) Importer(815301076,1909f56bfc062723c751e8b465ee728b)  -> (artifact id: 'e130a8d647baaaf25ca6fa62dc729169') in 0.221322 seconds 
========================================================================
Received Import Request.
  Time since last request: 0.000025 seconds.
  path: Assets/BoardTexture.png
  artifactKey: Guid(32776af83654c5641acc2e4330dae9f2) Importer(815301076,1909f56bfc062723c751e8b465ee728b)
Start importing Assets/BoardTexture.png using Guid(32776af83654c5641acc2e4330dae9f2) Importer(815301076,1909f56bfc062723c751e8b465ee728b)  -> (artifact id: '72e7f3bc0fb5cfa5960413ce39b3957f') in 0.014541 seconds 
========================================================================
Received Import Request.
  Time since last request: 0.000068 seconds.
  path: Assets/game-logo.png
  artifactKey: Guid(421b36a7ff285c148bdecef4a3fa8e2a) Importer(815301076,1909f56bfc062723c751e8b465ee728b)
Start importing Assets/game-logo.png using Guid(421b36a7ff285c148bdecef4a3fa8e2a) Importer(815301076,1909f56bfc062723c751e8b465ee728b)  -> (artifact id: '0b0cc50356f88a078ee4a6542346c293') in 0.238237 seconds 
========================================================================
Received Import Request.
  Time since last request: 0.000025 seconds.
  path: Assets/DiscSprites.asset
  artifactKey: Guid(b0a8a386de200514f9480a5d1b18387f) Importer(815301076,1909f56bfc062723c751e8b465ee728b)
Start importing Assets/DiscSprites.asset using Guid(b0a8a386de200514f9480a5d1b18387f) Importer(815301076,1909f56bfc062723c751e8b465ee728b)  -> (artifact id: '0c00e3f6c415721c11296216b1a5c223') in 0.020212 seconds 
========================================================================
Received Import Request.
  Time since last request: 0.000064 seconds.
  path: Assets/Ai.png
  artifactKey: Guid(ae09657fa3660754fb0dbfac5b15cee1) Importer(815301076,1909f56bfc062723c751e8b465ee728b)
Start importing Assets/Ai.png using Guid(ae09657fa3660754fb0dbfac5b15cee1) Importer(815301076,1909f56bfc062723c751e8b465ee728b)  -> (artifact id: '4afec9a99025ff8dbb641f225a6dd58d') in 0.254150 seconds 
========================================================================
Received Import Request.
  Time since last request: 0.000033 seconds.
  path: Assets/DiscModel.fbx
  artifactKey: Guid(02a7b06aebe3bf04dbdd6e8365128851) Importer(815301076,1909f56bfc062723c751e8b465ee728b)
Start importing Assets/DiscModel.fbx using Guid(02a7b06aebe3bf04dbdd6e8365128851) Importer(815301076,1909f56bfc062723c751e8b465ee728b)  -> (artifact id: '03c5e7063c29e85370a98066c206933a') in 0.189329 seconds 
========================================================================
Received Import Request.
  Time since last request: 0.000034 seconds.
  path: Assets/DiscSprites.png
  artifactKey: Guid(8aafbb73ad14b0d46a9a3c80c008aeb3) Importer(815301076,1909f56bfc062723c751e8b465ee728b)
Start importing Assets/DiscSprites.png using Guid(8aafbb73ad14b0d46a9a3c80c008aeb3) Importer(815301076,1909f56bfc062723c751e8b465ee728b)  -> (artifact id: '6dc4099b21d59be749bf994e3a3930e1') in 0.060974 seconds 
========================================================================
Received Import Request.
  Time since last request: 47.207770 seconds.
  path: Assets/Scripts
  artifactKey: Guid(031b85d130c98cd4590c0c7885c8db10) Importer(815301076,1909f56bfc062723c751e8b465ee728b)
Start importing Assets/Scripts using Guid(031b85d130c98cd4590c0c7885c8db10) Importer(815301076,1909f56bfc062723c751e8b465ee728b)  -> (artifact id: '32fa48ca14fc8ba5f791772a38286fd1') in 0.011184 seconds 
========================================================================
Received Import Request.
  Time since last request: 546.141021 seconds.
  path: Assets/Scripts/MainMenu.cs
  artifactKey: Guid(855de717150b276458f742ef937c774f) Importer(815301076,1909f56bfc062723c751e8b465ee728b)
Start importing Assets/Scripts/MainMenu.cs using Guid(855de717150b276458f742ef937c774f) Importer(815301076,1909f56bfc062723c751e8b465ee728b)  -> (artifact id: 'f801477ccc1a7f3a727264ffb04695ac') in 0.061217 seconds 
